\BOOKMARK [1][]{section.1}{\376\377\0001\000\040\000\040\225\356\230\230\221\315\217\360}{}% 1
\BOOKMARK [2][]{subsection.1.1}{\376\377\0001\000.\0001\000\040\225\356\230\230\200\314\146\157}{section.1}% 2
\BOOKMARK [2][]{subsection.1.2}{\376\377\0001\000.\0002\000\040\225\356\230\230\151\202\217\360}{section.1}% 3
\BOOKMARK [1][]{section.2}{\376\377\0002\000\040\000\040\152\041\127\213\120\107\213\276}{}% 4
\BOOKMARK [1][]{section.3}{\376\377\0003\000\040\000\040\173\046\123\367\213\364\146\016}{}% 5
\BOOKMARK [1][]{section.4}{\376\377\0004\000\040\000\040\145\160\143\156\230\204\131\004\164\006\116\016\143\242\175\042\140\047\122\006\147\220}{}% 6
\BOOKMARK [2][]{subsection.4.1}{\376\377\0004\000.\0001\000\040\123\237\131\313\145\160\143\156\176\323\147\204\122\006\147\220}{section.4}% 7
\BOOKMARK [2][]{subsection.4.2}{\376\377\0004\000.\0002\000\040\177\072\131\061\120\074\131\004\164\006\116\016\145\366\225\364\133\371\237\120}{section.4}% 8
\BOOKMARK [2][]{subsection.4.3}{\376\377\0004\000.\0003\000\040\137\002\136\070\120\074\122\006\147\220\116\016\131\004\164\006}{section.4}% 9
\BOOKMARK [2][]{subsection.4.4}{\376\377\0004\000.\0004\000\040\166\370\121\163\140\047\160\355\122\233\126\376\122\006\147\220}{section.4}% 10
\BOOKMARK [2][]{subsection.4.5}{\376\377\0004\000.\0005\000\040\232\330\230\221\145\366\225\364\136\217\122\027\176\337\213\241\162\171\140\047\122\006\147\220}{section.4}% 11
\BOOKMARK [3][]{subsubsection.4.5.1}{\376\377\0004\000.\0005\000.\0001\000\040\227\136\136\163\172\063\140\047}{subsection.4.5}% 12
\BOOKMARK [3][]{subsubsection.4.5.2}{\376\377\0004\000.\0005\000.\0002\000\040\154\342\122\250\200\132\226\306\140\047}{subsection.4.5}% 13
\BOOKMARK [3][]{subsubsection.4.5.3}{\376\377\0004\000.\0005\000.\0003\000\040\232\330\230\221\126\152\130\360\162\171\137\201}{subsection.4.5}% 14
\BOOKMARK [2][]{subsection.4.6}{\376\377\0004\000.\0006\000\040\142\020\116\244\221\317\145\345\121\205\176\323\147\204\122\006\147\220}{section.4}% 15
\BOOKMARK [2][]{subsection.4.7}{\376\377\0004\000.\0007\000\040\147\054\202\202\134\017\176\323}{section.4}% 16
\BOOKMARK [1][]{section.5}{\376\377\0005\000\040\000\040\162\171\137\201\122\006\147\220\116\016\143\007\150\007\143\320\123\326}{}% 17
\BOOKMARK [2][]{subsection.5.1}{\376\377\0005\000.\0001\000\040\127\372\170\100\116\367\150\074\162\171\137\201\147\204\136\372}{section.5}% 18
\BOOKMARK [2][]{subsection.5.2}{\376\377\0005\000.\0002\000\040\171\373\122\250\136\163\127\107\215\213\122\277\162\171\137\201}{section.5}% 19
\BOOKMARK [2][]{subsection.5.3}{\376\377\0005\000.\0003\000\040\154\342\122\250\163\207\162\171\137\201\147\204\136\372}{section.5}% 20
\BOOKMARK [2][]{subsection.5.4}{\376\377\0005\000.\0004\000\040\000M\000A\000C\000D\122\250\221\317\143\007\150\007\147\204\136\372}{section.5}% 21
\BOOKMARK [2][]{subsection.5.5}{\376\377\0005\000.\0005\000\040\000R\000S\000I\215\205\116\160\215\205\123\126\143\007\150\007}{section.5}% 22
\BOOKMARK [2][]{subsection.5.6}{\376\377\0005\000.\0006\000\040\142\020\116\244\221\317\162\171\137\201\122\006\147\220\116\016\136\372\152\041\135\356\137\002}{section.5}% 23
\BOOKMARK [2][]{subsection.5.7}{\376\377\0005\000.\0007\000\040\145\366\225\364\124\150\147\037\162\171\137\201\147\204\136\372}{section.5}% 24
\BOOKMARK [2][]{subsection.5.8}{\376\377\0005\000.\0008\000\040\215\350\136\002\127\072\121\163\200\124\162\171\137\201}{section.5}% 25
\BOOKMARK [2][]{subsection.5.9}{\376\377\0005\000.\0009\000\040\162\171\137\201\150\007\121\306\123\026\131\004\164\006}{section.5}% 26
\BOOKMARK [2][]{subsection.5.10}{\376\377\0005\000.\0001\0000\000\040\147\054\202\202\134\017\176\323}{section.5}% 27
\BOOKMARK [1][]{section.6}{\376\377\0006\000\040\000\040\232\330\230\221\230\204\155\113\152\041\127\213\166\204\136\372\172\313}{}% 28
\BOOKMARK [2][]{subsection.6.1}{\376\377\0006\000.\0001\000\040\000L\000S\000T\000M\152\041\127\213\127\372\147\054\123\237\164\006}{section.6}% 29
\BOOKMARK [2][]{subsection.6.2}{\376\377\0006\000.\0002\000\040\156\321\122\250\172\227\123\343\217\223\121\145\176\323\147\204}{section.6}% 30
\BOOKMARK [2][]{subsection.6.3}{\376\377\0006\000.\0003\000\040\145\066\166\330\116\367\230\204\155\113\152\041\127\213\136\372\172\313}{section.6}% 31
\BOOKMARK [2][]{subsection.6.4}{\376\377\0006\000.\0004\000\040\142\020\116\244\221\317\230\204\155\113\116\055\166\204\142\337\124\010\160\176\226\276\225\356\230\230}{section.6}% 32
\BOOKMARK [2][]{subsection.6.5}{\376\377\0006\000.\0005\000\040\142\020\116\244\221\317\230\204\155\113\152\041\127\213\145\071\217\333}{section.6}% 33
\BOOKMARK [3][]{subsubsection.6.5.1}{\376\377\0006\000.\0005\000.\0001\000\040\133\371\145\160\123\213\177\051\131\004\164\006}{subsection.6.5}% 34
\BOOKMARK [3][]{subsubsection.6.5.2}{\376\377\0006\000.\0005\000.\0002\000\040\000H\000u\000b\000e\000r\000\040\000L\000o\000s\000s\000\040\234\201\150\322\143\137\131\061\121\375\145\160}{subsection.6.5}% 35
\BOOKMARK [3][]{subsubsection.6.5.3}{\376\377\0006\000.\0005\000.\0003\000\040\145\366\225\364\117\115\177\156\162\171\137\201}{subsection.6.5}% 36
\BOOKMARK [3][]{subsubsection.6.5.4}{\376\377\0006\000.\0005\000.\0004\000\040\122\250\140\001\145\366\225\364\225\032\160\271}{subsection.6.5}% 37
\BOOKMARK [2][]{subsection.6.6}{\376\377\0006\000.\0006\000\040\152\041\127\213\213\255\176\303\123\302\145\160\213\276\177\156}{section.6}% 38
\BOOKMARK [2][]{subsection.6.7}{\376\377\0006\000.\0007\000\040\147\054\202\202\134\017\176\323}{section.6}% 39
\BOOKMARK [1][]{section.7}{\376\377\0007\000\040\000\040\225\356\230\230\126\333\377\032\116\244\146\023\173\126\165\145\116\016\126\336\155\113\122\006\147\220}{}% 40
\BOOKMARK [2][]{subsection.7.1}{\376\377\0007\000.\0001\000\040\225\356\230\230\122\006\147\220}{section.7}% 41
\BOOKMARK [2][]{subsection.7.2}{\376\377\0007\000.\0002\000\040\116\244\146\023\173\126\165\145\213\276\213\241}{section.7}% 42
\BOOKMARK [3][]{subsubsection.7.2.1}{\376\377\0007\000.\0002\000.\0001\000\040\230\204\147\037\145\066\166\312\163\207\213\241\173\227}{subsection.7.2}% 43
\BOOKMARK [3][]{subsubsection.7.2.2}{\376\377\0007\000.\0002\000.\0002\000\040\000E\000M\000A\117\341\123\367\136\163\156\321}{subsection.7.2}% 44
\BOOKMARK [3][]{subsubsection.7.2.3}{\376\377\0007\000.\0002\000.\0003\000\040\217\337\156\336\162\266\140\001\147\072\377\010\000H\000y\000s\000t\000e\000r\000e\000s\000i\000s\000\040\000M\000e\000c\000h\000a\000n\000i\000s\000m\377\011}{subsection.7.2}% 45
\BOOKMARK [3][]{subsubsection.7.2.4}{\376\377\0007\000.\0002\000.\0004\000\040\116\244\146\023\142\020\147\054\150\070\173\227}{subsection.7.2}% 46
\BOOKMARK [2][]{subsection.7.3}{\376\377\0007\000.\0003\000\040\126\336\155\113\150\106\147\266\136\372\172\313}{section.7}% 47
\BOOKMARK [2][]{subsection.7.4}{\376\377\0007\000.\0004\000\040\173\126\165\145\126\336\155\113\176\323\147\234\122\006\147\220}{section.7}% 48
\BOOKMARK [3][]{subsubsection.7.4.1}{\376\377\0007\000.\0004\000.\0001\000\040\140\073\117\123\176\351\145\110\122\006\147\220}{subsection.7.4}% 49
\BOOKMARK [3][]{subsubsection.7.4.2}{\376\377\0007\000.\0004\000.\0002\000\040\215\205\230\235\145\066\166\312\122\006\147\220}{subsection.7.4}% 50
\BOOKMARK [3][]{subsubsection.7.4.3}{\376\377\0007\000.\0004\000.\0003\000\040\145\345\136\246\176\351\145\110\122\006\147\220}{subsection.7.4}% 51
\BOOKMARK [3][]{subsubsection.7.4.4}{\376\377\0007\000.\0004\000.\0004\000\040\121\163\225\056\176\351\145\110\143\007\150\007\122\006\147\220}{subsection.7.4}% 52
\BOOKMARK [2][]{subsection.7.5}{\376\377\0007\000.\0005\000\040\117\341\140\157\153\324\163\207\122\006\147\220}{section.7}% 53
\BOOKMARK [2][]{subsection.7.6}{\376\377\0007\000.\0006\000\040\143\142\142\113\163\207\116\016\230\316\226\151\143\247\122\066\122\006\147\220}{section.7}% 54
\BOOKMARK [2][]{subsection.7.7}{\376\377\0007\000.\0007\000\040\152\041\127\213\150\300\232\214\116\016\172\063\120\145\140\047\122\006\147\220}{section.7}% 55
\BOOKMARK [3][]{subsubsection.7.7.1}{\376\377\0007\000.\0007\000.\0001\000\040\123\302\145\160\145\117\141\037\140\047\122\006\147\220}{subsection.7.7}% 56
\BOOKMARK [3][]{subsubsection.7.7.2}{\376\377\0007\000.\0007\000.\0002\000\040\172\063\120\145\140\047\150\300\232\214}{subsection.7.7}% 57
\BOOKMARK [3][]{subsubsection.7.7.3}{\376\377\0007\000.\0007\000.\0003\000\040\127\372\121\306\133\371\153\324\122\006\147\220}{subsection.7.7}% 58
\BOOKMARK [2][]{subsection.7.8}{\376\377\0007\000.\0008\000\040\147\054\202\202\134\017\176\323}{section.7}% 59
\BOOKMARK [1][]{section.8}{\376\377\0008\000\040\000\040\152\041\127\213\213\304\116\367}{}% 60
\BOOKMARK [2][]{subsection.8.1}{\376\377\0008\000.\0001\000\040\152\041\127\213\117\030\160\271}{section.8}% 61
\BOOKMARK [2][]{subsection.8.2}{\376\377\0008\000.\0002\000\040\152\041\127\213\177\072\160\271}{section.8}% 62
\BOOKMARK [2][]{subsection.8.3}{\376\377\0008\000.\0003\000\040\152\041\127\213\213\304\116\367}{section.8}% 63
\BOOKMARK [1][]{section*.29}{\376\377\123\302\200\003\145\207\163\056}{}% 64
\BOOKMARK [1][]{appendix.1.A}{\376\377\226\104\137\125\000\040\000A\000\040\225\356\230\230\116\000\156\220\116\343\170\001}{}% 65
\BOOKMARK [2][]{subsection.1.A.1}{\376\377\0001\000.\0001\000\040\000p\000a\000r\000s\000e\000\137\000r\000a\000w\000\137\000d\000a\000t\000a\000.\000p\000y}{appendix.1.A}% 66
\BOOKMARK [2][]{subsection.1.A.2}{\376\377\0001\000.\0002\000\040\000e\000d\000a\000\137\000a\000n\000d\000\137\000c\000l\000e\000a\000n\000i\000n\000g\000.\000p\000y}{appendix.1.A}% 67
\BOOKMARK [2][]{subsection.1.A.3}{\376\377\0001\000.\0003\000\040\000c\000o\000r\000r\000e\000l\000a\000t\000i\000o\000n\000\137\000a\000n\000a\000l\000y\000s\000i\000s\000.\000p\000y}{appendix.1.A}% 68
\BOOKMARK [2][]{subsection.1.A.4}{\376\377\0001\000.\0004\000\040\000f\000e\000a\000t\000u\000r\000e\000\137\000s\000e\000l\000e\000c\000t\000i\000o\000n\000.\000p\000y}{appendix.1.A}% 69
\BOOKMARK [2][]{subsection.1.A.5}{\376\377\0001\000.\0005\000\040\000q\000u\000e\000s\000t\000i\000o\000n\000\137\000s\000o\000l\000v\000e\000r\000.\000p\000y}{appendix.1.A}% 70
\BOOKMARK [1][]{appendix.1.B}{\376\377\226\104\137\125\000\040\000B\000\040\152\041\127\213\150\070\137\303\116\343\170\001}{}% 71
\BOOKMARK [2][]{subsection.1.B.1}{\376\377\0002\000.\0001\000\040\000p\000r\000e\000p\000r\000o\000c\000e\000s\000s\000.\000p\000y}{appendix.1.B}% 72
\BOOKMARK [2][]{subsection.1.B.2}{\376\377\0002\000.\0002\000\040\000l\000s\000t\000m\000\137\000m\000o\000d\000e\000l\000i\000n\000g\000.\000p\000y}{appendix.1.B}% 73
\BOOKMARK [1][]{appendix.1.C}{\376\377\226\104\137\125\000\040\000C\000\040\225\356\230\230\126\333\156\220\116\343\170\001}{}% 74
\BOOKMARK [2][]{subsection.1.C.1}{\376\377\0003\000.\0001\000\040\000s\000t\000r\000a\000t\000e\000g\000y\000\137\000b\000a\000c\000k\000t\000e\000s\000t\000.\000p\000y}{appendix.1.C}% 75
