[2025/08/04 13:32:38] ----------------------------------------------------------------------------------------------------
[2025/08/04 13:32:38] 开始初始化参数
[2025/08/04 13:32:38] 开始进行数据收集
[2025/08/04 13:36:32] 开始进行数值计算
[2025/08/04 13:36:33] 计算 - 密度 ρ - 完成
[2025/08/04 13:37:02] 计算 - 冲突 C - 完成
[2025/08/04 13:37:03] 计算 - 航速 s - 完成
[2025/08/04 13:37:23] 计算 - 运力 T - 完成
[2025/08/04 13:37:23] 开始进行图表绘制
[2025/08/04 13:37:34] 已生成：船舶密度图
[2025/08/04 13:37:35] 已生成：航迹冲突图
[2025/08/04 13:37:38] 已生成：平均航速图
[2025/08/04 13:37:40] 已生成：运力分布图
[2025/08/04 13:37:40] 程序运行结束
[2025/08/04 13:50:31] ----------------------------------------------------------------------------------------------------
[2025/08/04 13:55:02] 原始数据解算完成
[2025/08/04 13:55:03] 船舶密度计算完成
[2025/08/04 13:55:21] 航迹冲突计算完成
[2025/08/04 13:55:22] 平均航速计算完成
[2025/08/04 13:55:28] 运力分布计算完成
[2025/08/04 13:55:28] 熵权法完成
[2025/08/04 13:55:28] 评分完成
[2025/08/04 13:55:29] 结果已保存至 output/risk.csv
[2025/08/04 13:55:30] 绘制图表已保存至 output/risk_plot.png
[2025/08/04 13:55:30] 程序运行结束
