\BOOKMARK [1][]{section.1}{\376\377\0001\000\040\000\040\225\356\230\230\221\315\217\360}{}% 1
\BOOKMARK [2][]{subsection.1.1}{\376\377\0001\000.\0001\000\040\225\356\230\230\200\314\146\157}{section.1}% 2
\BOOKMARK [2][]{subsection.1.2}{\376\377\0001\000.\0002\000\040\225\356\230\230\151\202\217\360}{section.1}% 3
\BOOKMARK [1][]{section.2}{\376\377\0002\000\040\000\040\152\041\127\213\120\107\213\276}{}% 4
\BOOKMARK [1][]{section.3}{\376\377\0003\000\040\000\040\173\046\123\367\213\364\146\016}{}% 5
\BOOKMARK [1][]{section.4}{\376\377\0004\000\040\000\040\225\356\230\230\116\000\152\041\127\213\166\204\136\372\172\313\116\016\154\102\211\343}{}% 6
\BOOKMARK [2][]{subsection.4.1}{\376\377\0004\000.\0001\000\040\225\356\230\230\122\006\147\220}{section.4}% 7
\BOOKMARK [2][]{subsection.4.2}{\376\377\0004\000.\0002\000\040\152\041\127\213\136\372\172\313}{section.4}% 8
\BOOKMARK [2][]{subsection.4.3}{\376\377\0004\000.\0003\000\040\152\041\127\213\154\102\211\343\124\214\176\323\147\234\122\006\147\220}{section.4}% 9
\BOOKMARK [2][]{subsection.4.4}{\376\377\0004\000.\0004\000\040\152\041\127\213\150\300\232\214}{section.4}% 10
\BOOKMARK [1][]{section.5}{\376\377\0005\000\040\000\040\225\356\230\230\116\214\152\041\127\213\166\204\136\372\172\313\116\016\154\102\211\343}{}% 11
\BOOKMARK [2][]{subsection.5.1}{\376\377\0005\000.\0001\000\040\152\041\127\213\136\372\172\313}{section.5}% 12
\BOOKMARK [2][]{subsection.5.2}{\376\377\0005\000.\0002\000\040\152\041\127\213\154\102\211\343}{section.5}% 13
\BOOKMARK [1][]{section.6}{\376\377\0006\000\040\000\040\225\356\230\230\116\011\152\041\127\213\166\204\136\372\172\313\116\016\154\102\211\343}{}% 14
\BOOKMARK [2][]{subsection.6.1}{\376\377\0006\000.\0001\000\040\152\041\127\213\136\372\172\313}{section.6}% 15
\BOOKMARK [2][]{subsection.6.2}{\376\377\0006\000.\0002\000\040\152\041\127\213\154\102\211\343}{section.6}% 16
\BOOKMARK [2][]{subsection.6.3}{\376\377\0006\000.\0003\000\040\176\323\147\234\122\006\147\220}{section.6}% 17
\BOOKMARK [1][]{section.7}{\376\377\0007\000\040\000\040\152\041\127\213\213\304\116\367}{}% 18
\BOOKMARK [2][]{subsection.7.1}{\376\377\0007\000.\0001\000\040\152\041\127\213\117\030\160\271}{section.7}% 19
\BOOKMARK [2][]{subsection.7.2}{\376\377\0007\000.\0002\000\040\152\041\127\213\177\072\160\271}{section.7}% 20
\BOOKMARK [2][]{subsection.7.3}{\376\377\0007\000.\0003\000\040\152\041\127\213\213\304\116\367}{section.7}% 21
\BOOKMARK [1][]{section*.3}{\376\377\123\302\200\003\145\207\163\056}{}% 22
\BOOKMARK [1][]{appendix.1.A}{\376\377\226\104\137\125\000\040\000A\000\040\225\356\230\230\116\000\156\220\116\343\170\001}{}% 23
\BOOKMARK [1][]{appendix.1.B}{\376\377\226\104\137\125\000\040\000B\000\040\225\356\230\230\116\214\156\220\116\343\170\001}{}% 24
\BOOKMARK [1][]{appendix.1.C}{\376\377\226\104\137\125\000\040\000C\000\040\225\356\230\230\116\011\156\220\116\343\170\001}{}% 25
